[    0.000000] Initializing cgroup subsys cpuset
[    0.000000] Initializing cgroup subsys cpu
[    0.000000] Initializing cgroup subsys cpuacct
[    0.000000] Linux version 4.4.0-146-generic (buildd@lcy01-amd64-025) (gcc version 5.4.0 20160609 (Ubuntu 5.4.0-6ubuntu1~16.04.10) ) #172-Ubuntu SMP Wed Apr 3 09:00:08 UTC 2019 (Ubuntu 4.4.0-146.172-generic 4.4.177)
[    0.000000] Command line: BOOT_IMAGE=/boot/vmlinuz-4.4.0-146-generic root=LABEL=cloudimg-rootfs ro console=tty1 console=ttyS0
[    0.000000] KERNEL supported cpus:
[    0.000000]   Intel GenuineIntel
[    0.000000]   AMD AuthenticAMD
[    0.000000]   Centaur CentaurHauls
[    0.000000] x86/fpu: xstate_offset[2]:  576, xstate_sizes[2]:  256
[    0.000000] x86/fpu: Supporting XSAVE feature 0x01: 'x87 floating point registers'
[    0.000000] x86/fpu: Supporting XSAVE feature 0x02: 'SSE registers'
[    0.000000] x86/fpu: Supporting XSAVE feature 0x04: 'AVX registers'
[    0.000000] x86/fpu: Enabled xstate features 0x7, context size is 832 bytes, using 'standard' format.
[    0.000000] e820: BIOS-provided physical RAM map:
[    0.000000] BIOS-e820: [mem 0x0000000000000000-0x000000000009fbff] usable
[    0.000000] BIOS-e820: [mem 0x000000000009fc00-0x000000000009ffff] reserved
[    0.000000] BIOS-e820: [mem 0x00000000000f0000-0x00000000000fffff] reserved
[    0.000000] BIOS-e820: [mem 0x0000000000100000-0x000000007ffeffff] usable
[    0.000000] BIOS-e820: [mem 0x000000007fff0000-0x000000007fffffff] ACPI data
[    0.000000] BIOS-e820: [mem 0x00000000fec00000-0x00000000fec00fff] reserved
[    0.000000] BIOS-e820: [mem 0x00000000fee00000-0x00000000fee00fff] reserved
[    0.000000] BIOS-e820: [mem 0x00000000fffc0000-0x00000000ffffffff] reserved
[    0.000000] NX (Execute Disable) protection: active
[    0.000000] SMBIOS 2.5 present.
[    0.000000] Hypervisor detected: KVM
[    0.000000] e820: last_pfn = 0x7fff0 max_arch_pfn = 0x400000000
[    0.000000] MTRR: Disabled
[    0.000000] x86/PAT: MTRRs disabled, skipping PAT initialization too.
[    0.000000] CPU MTRRs all blank - virtualized system.
[    0.000000] x86/PAT: Configuration [0-7]: WB  WT  UC- UC  WB  WT  UC- UC  
[    0.000000] found SMP MP-table at [mem 0x0009fff0-0x0009ffff] mapped at [ffff88000009fff0]
[    0.000000] Scanning 1 areas for low memory corruption
[    0.000000] RAMDISK: [mem 0x362fa000-0x37174fff]
[    0.000000] ACPI: Early table checksum verification disabled
[    0.000000] ACPI: RSDP 0x00000000000E0000 000024 (v02 VBOX  )
[    0.000000] ACPI: XSDT 0x000000007FFF0030 00003C (v01 VBOX   VBOXXSDT 00000001 ASL  00000061)
[    0.000000] ACPI: FACP 0x000000007FFF00F0 0000F4 (v04 VBOX   VBOXFACP 00000001 ASL  00000061)
[    0.000000] ACPI: DSDT 0x000000007FFF0470 0022EA (v02 VBOX   VBOXBIOS 00000002 INTL 20100528)
[    0.000000] ACPI: FACS 0x000000007FFF0200 000040
[    0.000000] ACPI: FACS 0x000000007FFF0200 000040
[    0.000000] ACPI: APIC 0x000000007FFF0240 00005C (v02 VBOX   VBOXAPIC 00000001 ASL  00000061)
[    0.000000] ACPI: SSDT 0x000000007FFF02A0 0001CC (v01 VBOX   VBOXCPUT 00000002 INTL 20100528)
[    0.000000] No NUMA configuration found
[    0.000000] Faking a node at [mem 0x0000000000000000-0x000000007ffeffff]
[    0.000000] NODE_DATA(0) allocated [mem 0x7ffeb000-0x7ffeffff]
[    0.000000] kvm-clock: Using msrs 4b564d01 and 4b564d00
[    0.000000] kvm-clock: cpu 0, msr 0:7ffe3001, primary cpu clock
[    0.000000] kvm-clock: using sched offset of 3648037421 cycles
[    0.000000] clocksource: kvm-clock: mask: 0xffffffffffffffff max_cycles: 0x1cd42e4dffb, max_idle_ns: 881590591483 ns
[    0.000000] Zone ranges:
[    0.000000]   DMA      [mem 0x0000000000001000-0x0000000000ffffff]
[    0.000000]   DMA32    [mem 0x0000000001000000-0x000000007ffeffff]
[    0.000000]   Normal   empty
[    0.000000]   Device   empty
[    0.000000] Movable zone start for each node
[    0.000000] Early memory node ranges
[    0.000000]   node   0: [mem 0x0000000000001000-0x000000000009efff]
[    0.000000]   node   0: [mem 0x0000000000100000-0x000000007ffeffff]
[    0.000000] Initmem setup node 0 [mem 0x0000000000001000-0x000000007ffeffff]
[    0.000000] ACPI: PM-Timer IO Port: 0x4008
[    0.000000] IOAPIC[0]: apic_id 2, version 32, address 0xfec00000, GSI 0-23
[    0.000000] ACPI: INT_SRC_OVR (bus 0 bus_irq 0 global_irq 2 dfl dfl)
[    0.000000] ACPI: INT_SRC_OVR (bus 0 bus_irq 9 global_irq 9 low level)
[    0.000000] Using ACPI (MADT) for SMP configuration information
[    0.000000] smpboot: Allowing 2 CPUs, 0 hotplug CPUs
[    0.000000] PM: Registered nosave memory: [mem 0x00000000-0x00000fff]
[    0.000000] PM: Registered nosave memory: [mem 0x0009f000-0x0009ffff]
[    0.000000] PM: Registered nosave memory: [mem 0x000a0000-0x000effff]
[    0.000000] PM: Registered nosave memory: [mem 0x000f0000-0x000fffff]
[    0.000000] e820: [mem 0x80000000-0xfebfffff] available for PCI devices
[    0.000000] Booting paravirtualized kernel on KVM
[    0.000000] clocksource: refined-jiffies: mask: 0xffffffff max_cycles: 0xffffffff, max_idle_ns: 7645519600211568 ns
[    0.000000] setup_percpu: NR_CPUS:512 nr_cpumask_bits:512 nr_cpu_ids:2 nr_node_ids:1
[    0.000000] PERCPU: Embedded 34 pages/cpu @ffff88007fc00000 s99480 r8192 d31592 u1048576
[    0.000000] Built 1 zonelists in Node order, mobility grouping on.  Total pages: 515960
[    0.000000] Policy zone: DMA32
[    0.000000] Kernel command line: BOOT_IMAGE=/boot/vmlinuz-4.4.0-146-generic root=LABEL=cloudimg-rootfs ro console=tty1 console=ttyS0
[    0.000000] PID hash table entries: 4096 (order: 3, 32768 bytes)
[    0.000000] Memory: 2029924K/2096696K available (8609K kernel code, 1334K rwdata, 4028K rodata, 1484K init, 1284K bss, 66772K reserved, 0K cma-reserved)
[    0.000000] SLUB: HWalign=64, Order=0-3, MinObjects=0, CPUs=2, Nodes=1
[    0.000000] Kernel/User page tables isolation: enabled
[    0.000000] Hierarchical RCU implementation.
[    0.000000] 	Build-time adjustment of leaf fanout to 64.
[    0.000000] 	RCU restricting CPUs from NR_CPUS=512 to nr_cpu_ids=2.
[    0.000000] RCU: Adjusting geometry for rcu_fanout_leaf=64, nr_cpu_ids=2
[    0.000000] NR_IRQS:33024 nr_irqs:440 16
[    0.000000] Console: colour VGA+ 80x25
[    0.000000] console [tty1] enabled
[    0.000000] console [ttyS0] enabled
[    0.000000] tsc: Detected 3504.002 MHz processor
[    0.237775] Calibrating delay loop (skipped) preset value.. 7008.00 BogoMIPS (lpj=14016008)
[    0.239828] pid_max: default: 32768 minimum: 301
[    0.240972] ACPI: Core revision 20150930
[    0.244200] ACPI: 2 ACPI AML tables successfully acquired and loaded
[    0.245915] Security Framework initialized
[    0.246877] Yama: becoming mindful.
[    0.247719] AppArmor: AppArmor initialized
[    0.252353] Dentry cache hash table entries: 262144 (order: 9, 2097152 bytes)
[    0.254015] Inode-cache hash table entries: 131072 (order: 8, 1048576 bytes)
[    0.259145] Mount-cache hash table entries: 4096 (order: 3, 32768 bytes)
[    0.260706] Mountpoint-cache hash table entries: 4096 (order: 3, 32768 bytes)
[    0.262408] Initializing cgroup subsys io
[    0.263503] Initializing cgroup subsys memory
[    0.264594] Initializing cgroup subsys devices
[    0.266283] Initializing cgroup subsys freezer
[    0.267665] Initializing cgroup subsys net_cls
[    0.269655] Initializing cgroup subsys perf_event
[    0.270949] Initializing cgroup subsys net_prio
[    0.272145] Initializing cgroup subsys hugetlb
[    0.273254] Initializing cgroup subsys pids
[    0.275225] mce: CPU supports 0 MCE banks
[    0.276278] Last level iTLB entries: 4KB 64, 2MB 8, 4MB 8
[    0.277550] Last level dTLB entries: 4KB 64, 2MB 0, 4MB 0, 1GB 4
[    0.278843] Spectre V2 : Mitigation: Full generic retpoline
[    0.279974] Spectre V2 : Spectre v2 / SpectreRSB mitigation: Filling RSB on context switch
[    0.281836] Speculative Store Bypass: Vulnerable
[    0.285769] Freeing SMP alternatives memory: 36K
[    0.292517] ftrace: allocating 32287 entries in 127 pages
[    0.351096] smpboot: APIC(0) Converting physical 0 to logical package 0
[    0.352613] smpboot: Max logical packages: 1
[    0.354026] x2apic enabled
[    0.355052] Switched APIC routing to physical x2apic.
[    0.357619] ..TIMER: vector=0x30 apic1=0 pin1=2 apic2=-1 pin2=-1
[    0.465105] smpboot: CPU0: Intel(R) Xeon(R) CPU E3-1245 v5 @ 3.50GHz (family: 0x6, model: 0x5e, stepping: 0x3)
[    0.467776] Performance Events: unsupported p6 CPU model 94 no PMU driver, software events only.
[    0.478346] KVM setup paravirtual spinlock
[    0.484570] x86: Booting SMP configuration:
[    0.485600] .... node  #0, CPUs:      #1
[    0.486582] kvm-clock: cpu 1, msr 0:7ffe3041, secondary cpu clock
[    0.488579] mce: CPU supports 0 MCE banks
[    0.491302] x86: Booted up 1 node, 2 CPUs
[    0.492521] smpboot: Total of 2 processors activated (14016.00 BogoMIPS)
[    0.494981] devtmpfs: initialized
[    0.497093] evm: security.selinux
[    0.497998] evm: security.SMACK64
[    0.498885] evm: security.SMACK64EXEC
[    0.499750] evm: security.SMACK64TRANSMUTE
[    0.500738] evm: security.SMACK64MMAP
[    0.501689] evm: security.ima
[    0.502492] evm: security.capability
[    0.503591] clocksource: jiffies: mask: 0xffffffff max_cycles: 0xffffffff, max_idle_ns: 7645041785100000 ns
[    0.505696] futex hash table entries: 512 (order: 3, 32768 bytes)
[    0.507131] pinctrl core: initialized pinctrl subsystem
[    0.508342] RTC time: 10:30:58, date: 05/02/19
[    0.509549] NET: Registered protocol family 16
[    0.523457] cpuidle: using governor ladder
[    0.534946] cpuidle: using governor menu
[    0.536034] PCCT header not found.
[    0.536939] ACPI: bus type PCI registered
[    0.537883] acpiphp: ACPI Hot Plug PCI Controller Driver version: 0.5
[    0.539267] PCI: Using configuration type 1 for base access
[    0.552204] ACPI: Added _OSI(Module Device)
[    0.553287] ACPI: Added _OSI(Processor Device)
[    0.554263] ACPI: Added _OSI(3.0 _SCP Extensions)
[    0.555289] ACPI: Added _OSI(Processor Aggregator Device)
[    0.557281] ACPI: Executed 1 blocks of module-level executable AML code
[    0.560810] ACPI: Interpreter enabled
[    0.561725] ACPI: (supports S0 S5)
[    0.562617] ACPI: Using IOAPIC for interrupt routing
[    0.564106] PCI: Using host bridge windows from ACPI; if necessary, use "pci=nocrs" and report a bug
[    0.570024] ACPI: PCI Root Bridge [PCI0] (domain 0000 [bus 00-ff])
[    0.571431] acpi PNP0A03:00: _OSC: OS supports [ASPM ClockPM Segments MSI]
[    0.573340] acpi PNP0A03:00: _OSC: not requesting OS control; OS requires [ExtendedConfig ASPM ClockPM MSI]
[    0.575699] acpi PNP0A03:00: fail to add MMCONFIG information, can't access extended PCI configuration space under this bridge.
[    0.578749] PCI host bridge to bus 0000:00
[    0.579717] pci_bus 0000:00: root bus resource [io  0x0000-0x0cf7 window]
[    0.581166] pci_bus 0000:00: root bus resource [io  0x0d00-0xffff window]
[    0.583233] pci_bus 0000:00: root bus resource [mem 0x000a0000-0x000bffff window]
[    0.585199] pci_bus 0000:00: root bus resource [mem 0x80000000-0xfdffffff window]
[    0.587082] pci_bus 0000:00: root bus resource [bus 00-ff]
[    0.590059] pci 0000:00:01.1: legacy IDE quirk: reg 0x10: [io  0x01f0-0x01f7]
[    0.591520] pci 0000:00:01.1: legacy IDE quirk: reg 0x14: [io  0x03f6]
[    0.592874] pci 0000:00:01.1: legacy IDE quirk: reg 0x18: [io  0x0170-0x0177]
[    0.594346] pci 0000:00:01.1: legacy IDE quirk: reg 0x1c: [io  0x0376]
[    0.614571] pci 0000:00:07.0: quirk: [io  0x4000-0x403f] claimed by PIIX4 ACPI
[    0.616561] pci 0000:00:07.0: quirk: [io  0x4100-0x410f] claimed by PIIX4 SMB
[    0.636251] ACPI: PCI Interrupt Link [LNKA] (IRQs 5 9 10 *11)
[    0.638583] ACPI: PCI Interrupt Link [LNKB] (IRQs 5 9 *10 11)
[    0.640602] ACPI: PCI Interrupt Link [LNKC] (IRQs 5 *9 10 11)
[    0.642630] ACPI: PCI Interrupt Link [LNKD] (IRQs 5 9 10 *11)
[    0.644591] ACPI: Enabled 2 GPEs in block 00 to 07
[    0.646597] vgaarb: setting as boot device: PCI:0000:00:02.0
[    0.647808] vgaarb: device added: PCI:0000:00:02.0,decodes=io+mem,owns=io+mem,locks=none
[    0.649761] vgaarb: loaded
[    0.650561] vgaarb: bridge control possible 0000:00:02.0
[    0.651987] SCSI subsystem initialized
[    0.653034] ACPI: bus type USB registered
[    0.653951] usbcore: registered new interface driver usbfs
[    0.655111] usbcore: registered new interface driver hub
[    0.656357] usbcore: registered new device driver usb
[    0.657722] PCI: Using ACPI for IRQ routing
[    0.658983] NetLabel: Initializing
[    0.659930] NetLabel:  domain hash size = 128
[    0.660925] NetLabel:  protocols = UNLABELED CIPSOv4
[    0.662037] NetLabel:  unlabeled traffic allowed by default
[    0.663365] amd_nb: Cannot enumerate AMD northbridges
[    0.664538] clocksource: Switched to clocksource kvm-clock
[    0.683633] AppArmor: AppArmor Filesystem Enabled
[    0.684750] pnp: PnP ACPI init
[    0.686353] pnp: PnP ACPI: found 3 devices
[    0.698602] clocksource: acpi_pm: mask: 0xffffff max_cycles: 0xffffff, max_idle_ns: 2085701024 ns
[    0.700574] NET: Registered protocol family 2
[    0.701736] TCP established hash table entries: 16384 (order: 5, 131072 bytes)
[    0.703598] TCP bind hash table entries: 16384 (order: 6, 262144 bytes)
[    0.705065] TCP: Hash tables configured (established 16384 bind 16384)
[    0.706551] UDP hash table entries: 1024 (order: 3, 32768 bytes)
[    0.708497] UDP-Lite hash table entries: 1024 (order: 3, 32768 bytes)
[    0.710004] NET: Registered protocol family 1
[    0.710971] pci 0000:00:00.0: Limiting direct PCI/PCI transfers
[    0.712225] pci 0000:00:01.0: Activating ISA DMA hang workarounds
[    0.713718] Unpacking initramfs...
[    0.932457] Freeing initrd memory: 14828K
[    0.933654] platform rtc_cmos: registered platform RTC device (no PNP device found)
[    0.935391] Scanning for low memory corruption every 60 seconds
[    0.937467] audit: initializing netlink subsys (disabled)
[    0.938602] audit: type=2000 audit(1556793063.281:1): initialized
[    0.940127] Initialise system trusted keyring
[    0.941541] HugeTLB registered 2 MB page size, pre-allocated 0 pages
[    0.943897] zbud: loaded
[    0.945012] VFS: Disk quotas dquot_6.6.0
[    0.945944] VFS: Dquot-cache hash table entries: 512 (order 0, 4096 bytes)
[    0.947733] squashfs: version 4.0 (2009/01/31) Phillip Lougher
[    0.949672] fuse init (API version 7.23)
[    0.950934] Key type big_key registered
[    0.951878] Allocating IMA MOK and blacklist keyrings.
[    0.955664] Key type asymmetric registered
[    0.956884] Asymmetric key parser 'x509' registered
[    0.957986] Block layer SCSI generic (bsg) driver version 0.4 loaded (major 249)
[    0.959824] io scheduler noop registered
[    0.960802] io scheduler deadline registered (default)
[    0.961942] io scheduler cfq registered
[    0.962883] pci_hotplug: PCI Hot Plug PCI Core version: 0.5
[    0.964114] pciehp: PCI Express Hot Plug Controller Driver version: 0.4
[    0.965622] ACPI: AC Adapter [AC] (on-line)
[    0.966608] input: Power Button as /devices/LNXSYSTM:00/LNXPWRBN:00/input/input0
[    0.968338] ACPI: Power Button [PWRF]
[    0.969446] input: Sleep Button as /devices/LNXSYSTM:00/LNXSLPBN:00/input/input1
[    0.971453] ACPI: Sleep Button [SLPF]
[    0.972640] GHES: HEST is not enabled!
[    0.973804] Serial: 8250/16550 driver, 32 ports, IRQ sharing enabled
[    0.995821] 00:02: ttyS0 at I/O 0x3f8 (irq = 4, base_baud = 115200) is a 16550A
[    1.002621] Linux agpgart interface v0.103
[    1.012597] loop: module loaded
[    1.013994] scsi host0: ata_piix
[    1.014938] scsi host1: ata_piix
[    1.015743] ata1: PATA max UDMA/33 cmd 0x1f0 ctl 0x3f6 bmdma 0xd000 irq 14
[    1.017358] ata2: PATA max UDMA/33 cmd 0x170 ctl 0x376 bmdma 0xd008 irq 15
[    1.019688] libphy: Fixed MDIO Bus: probed
[    1.020927] tun: Universal TUN/TAP device driver, 1.6
[    1.022215] tun: (C) 1999-2004 Max Krasnyansky <maxk@qualcomm.com>
[    1.023742] PPP generic driver version 2.4.2
[    1.025096] ehci_hcd: USB 2.0 'Enhanced' Host Controller (EHCI) Driver
[    1.026580] ehci-pci: EHCI PCI platform driver
[    1.027580] ehci-platform: EHCI generic platform driver
[    1.028735] ohci_hcd: USB 1.1 'Open' Host Controller (OHCI) Driver
[    1.030067] ohci-pci: OHCI PCI platform driver
[    1.031080] ohci-platform: OHCI generic platform driver
[    1.032213] uhci_hcd: USB Universal Host Controller Interface driver
[    1.033669] i8042: PNP: PS/2 Controller [PNP0303:PS2K,PNP0f03:PS2M] at 0x60,0x64 irq 1,12
[    1.036031] serio: i8042 KBD port at 0x60,0x64 irq 1
[    1.037187] serio: i8042 AUX port at 0x60,0x64 irq 12
[    1.038573] mousedev: PS/2 mouse device common for all mice
[    1.040125] input: AT Translated Set 2 keyboard as /devices/platform/i8042/serio0/input/input2
[    1.042570] rtc_cmos rtc_cmos: rtc core: registered rtc_cmos as rtc0
[    1.044010] rtc_cmos rtc_cmos: alarms up to one day, 114 bytes nvram
[    1.045482] i2c /dev entries driver
[    1.046387] device-mapper: uevent: version 1.0.3
[    1.047486] device-mapper: ioctl: 4.34.0-ioctl (2015-10-28) initialised: dm-devel@redhat.com
[    1.049433] ledtrig-cpu: registered to indicate activity on CPUs
[    1.051097] NET: Registered protocol family 10
[    1.052313] NET: Registered protocol family 17
[    1.053955] Key type dns_resolver registered
[    1.055493] registered taskstats version 1
[    1.056537] Loading compiled-in X.509 certificates
[    1.058112] Loaded X.509 cert 'Build time autogenerated kernel key: 4dcb2dc2c7cf43e0c20c44384f68683c20294489'
[    1.060334] zswap: loaded using pool lzo/zbud
[    1.063795] Key type trusted registered
[    1.068616] Key type encrypted registered
[    1.069915] AppArmor: AppArmor sha1 policy hashing enabled
[    1.071214] ima: No TPM chip found, activating TPM-bypass!
[    1.072373] ima: Allocated hash algorithm: sha1
[    1.073508] evm: HMAC attrs: 0x1
[    1.074739]   Magic number: 3:679:526
[    1.075742] rtc_cmos rtc_cmos: setting system clock to 2019-05-02 10:30:58 UTC (1556793058)
[    1.077930] BIOS EDD facility v0.16 2004-Jun-25, 0 devices found
[    1.079210] EDD information not available.
[    1.176336] Freeing unused kernel memory: 1484K
[    1.179786] Write protecting the kernel read-only data: 14336k
[    1.184989] Freeing unused kernel memory: 1620K
[    1.188705] Freeing unused kernel memory: 68K
Loading, please wait...
starting version 229
[    1.204485] random: systemd-udevd: uninitialized urandom read (16 bytes read, 3 bits of entropy available)
[    1.204936] random: udevadm: uninitialized urandom read (16 bytes read, 3 bits of entropy available)
[    1.204951] random: udevadm: uninitialized urandom read (16 bytes read, 3 bits of entropy available)
[    1.211345] random: systemd-udevd: uninitialized urandom read (16 bytes read, 3 bits of entropy available)
[    1.212317] random: udevadm: uninitialized urandom read (16 bytes read, 3 bits of entropy available)
[    1.212348] random: udevadm: uninitialized urandom read (16 bytes read, 3 bits of entropy available)
[    1.212462] random: udevadm: uninitialized urandom read (16 bytes read, 3 bits of entropy available)
[    1.212503] random: udevadm: uninitialized urandom read (16 bytes read, 3 bits of entropy available)
[    1.212612] random: udevadm: uninitialized urandom read (16 bytes read, 3 bits of entropy available)
[    1.212671] random: udevadm: uninitialized urandom read (16 bytes read, 3 bits of entropy available)
[    1.250814] e1000: Intel(R) PRO/1000 Network Driver - version 7.3.21-k8-NAPI
[    1.252366] e1000: Copyright (c) 1999-2006 Intel Corporation.
[    1.257391] Fusion MPT base driver 3.04.20
[    1.258428] Copyright (c) 1999-2008 LSI Corporation
[    1.293640] Fusion MPT SPI Host driver 3.04.20
[    1.299493] AVX2 version of gcm_enc/dec engaged.
[    1.300660] AES CTR mode by8 optimization enabled
[    1.468471] input: ImExPS/2 Generic Explorer Mouse as /devices/platform/i8042/serio1/input/input4
[    1.633257] e1000 0000:00:03.0 eth0: (PCI:33MHz:32-bit) 02:6d:cd:79:6e:19
[    1.634799] e1000 0000:00:03.0 eth0: Intel(R) PRO/1000 Network Connection
[    1.637185] mptbase: ioc0: Initiating bringup
[    1.637774] e1000 0000:00:03.0 enp0s3: renamed from eth0
[    1.710049] ioc0: LSI53C1030 A0: Capabilities={Initiator}
[    1.880562] scsi host2: ioc0: LSI53C1030 A0, FwRev=00000000h, Ports=1, MaxQ=256, IRQ=20
[    1.932944] tsc: Refined TSC clocksource calibration: 3505.508 MHz
[    1.934306] clocksource: tsc: mask: 0xffffffffffffffff max_cycles: 0x3287a3ec065, max_idle_ns: 440795293491 ns
[    1.997074] scsi 2:0:0:0: Direct-Access     VBOX     HARDDISK         1.0  PQ: 0 ANSI: 5
[    1.998988] scsi target2:0:0: Beginning Domain Validation
[    2.003844] scsi target2:0:0: Domain Validation skipping write tests
[    2.005264] scsi target2:0:0: Ending Domain Validation
[    2.006543] scsi target2:0:0: asynchronous
[    2.008773] scsi 2:0:1:0: Direct-Access     VBOX     HARDDISK         1.0  PQ: 0 ANSI: 5
[    2.010568] scsi target2:0:1: Beginning Domain Validation
[    2.015394] scsi target2:0:1: Domain Validation skipping write tests
[    2.016921] scsi target2:0:1: Ending Domain Validation
[    2.018125] scsi target2:0:1: asynchronous
[    2.036908] sd 2:0:0:0: Attached scsi generic sg0 type 0
[    2.038253] sd 2:0:0:0: [sda] 20971520 512-byte logical blocks: (10.7 GB/10.0 GiB)
[    2.051847] sd 2:0:1:0: Attached scsi generic sg1 type 0
[    2.053437] sd 2:0:1:0: [sdb] 20480 512-byte logical blocks: (10.5 MB/10.0 MiB)
[    2.056221] sd 2:0:0:0: [sda] Write Protect is off
[    2.057562] sd 2:0:1:0: [sdb] Write Protect is off
[    2.059250] sd 2:0:1:0: [sdb] Incomplete mode parameter data
[    2.060687] sd 2:0:1:0: [sdb] Assuming drive cache: write through
[    2.062106] sd 2:0:0:0: [sda] Incomplete mode parameter data
[    2.063628] sd 2:0:0:0: [sda] Assuming drive cache: write through
[    2.098163]  sda: sda1
[    2.105501] sd 2:0:0:0: [sda] Attached SCSI disk
[    2.109140] sd 2:0:1:0: [sdb] Attached SCSI disk
Begin: Loading essential drivers ... [    3.597741] md: linear personality registered for level -1
[    3.601165] md: multipath personality registered for level -4
[    3.604530] md: raid0 personality registered for level 0
[    3.608820] md: raid1 personality registered for level 1
[    3.680797] raid6: sse2x1   gen() 12131 MB/s
[    3.749129] raid6: sse2x1   xor()  9232 MB/s
[    3.816546] raid6: sse2x2   gen() 15187 MB/s
[    3.885733] raid6: sse2x2   xor() 10676 MB/s
[    3.953125] raid6: sse2x4   gen() 17438 MB/s
[    4.020579] raid6: sse2x4   xor() 11570 MB/s
[    4.088712] raid6: avx2x1   gen() 22853 MB/s
[    4.157103] raid6: avx2x2   gen() 22113 MB/s
[    4.224558] raid6: avx2x4   gen() 30932 MB/s
[    4.225780] raid6: using algorithm avx2x4 gen() 30932 MB/s
[    4.226906] raid6: using avx2x2 recovery algorithm
[    4.229059] xor: automatically using best checksumming function:
[    4.268799]    avx       : 29034.000 MB/sec
[    4.271658] async_tx: api initialized (async)
[    4.280551] md: raid6 personality registered for level 6
[    4.281798] md: raid5 personality registered for level 5
[    4.283007] md: raid4 personality registered for level 4
[    4.289617] md: raid10 personality registered for level 10
done.
Begin: Running /scripts/init-premount ... done.
Begin: Mounting root file system ... Begin: Running /scripts/local-top ... done.
Begin: Running /scripts/local-premount ... [    4.318392] Btrfs loaded
Scanning for Btrfs filesystems
done.
Warning: fsck not present, so skipping root file system
[    4.400205] EXT4-fs (sda1): mounted filesystem with ordered data mode. Opts: (null)
done.
Begin: Running /scripts/local-bottom ... done.
Begin: Running /scripts/init-bottom ... done.
[    5.070090] systemd[1]: systemd 229 running in system mode. (+PAM +AUDIT +SELINUX +IMA +APPARMOR +SMACK +SYSVINIT +UTMP +LIBCRYPTSETUP +GCRYPT +GNUTLS +ACL +XZ -LZ4 +SECCOMP +BLKID +ELFUTILS +KMOD -IDN)
[    5.081357] systemd[1]: Detected virtualization oracle.
[    5.083678] systemd[1]: Detected architecture x86-64.

Welcome to [1mUbuntu 16.04.6 LTS[0m!

[    5.143516] systemd[1]: Set hostname to <ubuntu>.
[    5.195031] systemd[1]: Initializing machine ID from random generator.
[    5.196431] systemd[1]: Installed transient /etc/machine-id file.
[    5.470750] random: nonblocking pool is initialized
[    5.839039] systemd[1]: Listening on LVM2 poll daemon socket.
[[0;32m  OK  [0m] Listening on LVM2 poll daemon socket.
[    5.841174] systemd[1]: Created slice User and Session Slice.
[[0;32m  OK  [0m] Created slice User and Session Slice.
[    5.843140] systemd[1]: Listening on LVM2 metadata daemon socket.
[[0;32m  OK  [0m] Listening on LVM2 metadata daemon socket.
[    5.845058] systemd[1]: Listening on Device-mapper event daemon FIFOs.
[[0;32m  OK  [0m] Listening on Device-mapper event daemon FIFOs.
[    5.847010] systemd[1]: Reached target User and Group Name Lookups.
[[0;32m  OK  [0m] Reached target User and Group Name Lookups.
[    5.867972] systemd[1]: Listening on Journal Audit Socket.
[[0;32m  OK  [0m] Listening on Journal Audit Socket.
[    5.870095] systemd[1]: Listening on Journal Socket (/dev/log).
[[0;32m  OK  [0m] Listening on Journal Socket (/dev/log).
[    5.887089] systemd[1]: Listening on udev Kernel Socket.
[[0;32m  OK  [0m] Listening on udev Kernel Socket.
[    5.889687] systemd[1]: Reached target Encrypted Volumes.
[[0;32m  OK  [0m] Reached target Encrypted Volumes.
[    5.897690] systemd[1]: Reached target System Time Synchronized.
[[0;32m  OK  [0m] Reached target System Time Synchronized.
[    5.931799] systemd[1]: Listening on udev Control Socket.
[[0;32m  OK  [0m] Listening on udev Control Socket.
[    5.948844] systemd[1]: Listening on /dev/initctl Compatibility Named Pipe.
[[0;32m  OK  [0m] Listening on /dev/initctl Compatibility Named Pipe.
[    5.953288] systemd[1]: Set up automount Arbitrary Executable File Formats File System Automount Point.
[[0;32m  OK  [0m] Set up automount Arbitrary Executab...ats File System Automount Point.
[    5.958480] systemd[1]: Started Forward Password Requests to Wall Directory Watch.
[[0;32m  OK  [0m] Started Forward Password Requests to Wall Directory Watch.
[    5.963160] systemd[1]: Reached target Swap.
[[0;32m  OK  [0m] Reached target Swap.
[    6.155213] systemd[1]: Listening on Journal Socket.
[[0;32m  OK  [0m] Listening on Journal Socket.
[    6.196899] systemd[1]: Created slice System Slice.
[[0;32m  OK  [0m] Created slice System Slice.
[    6.209469] systemd[1]: Mounting POSIX Message Queue File System...
         Mounting POSIX Message Queue File System...
[    6.222306] systemd[1]: Starting Nameserver information manager...
         Starting Nameserver information manager...
[    6.226621] systemd[1]: Starting Remount Root and Kernel File Systems...
         Starting Remount Root and Kernel File Systems...
[    6.249486] systemd[1]: Starting Monitoring of LVM2 mirrors, snapshots etc. using dmeventd or progress polling...
         Starting Monitoring of LVM2 mirrors... dmeventd or progress polling...
[    6.258915] EXT4-fs (sda1): re-mounted. Opts: (null)
[    6.313253] systemd[1]: Starting Load Kernel Modules...
         Starting Load Kernel Modules...
[    6.343952] systemd[1]: Reached target Slices.
[[0;32m  OK  [0m] Reached target Slices.
[    6.364851] systemd[1]: Starting Create list of required static device nodes for the current kernel...
         Starting Create list of required st... nodes for the current kernel...
[    6.379048] systemd[1]: Starting Uncomplicated firewall...
         Starting Uncomplicated firewall...
[    6.393477] systemd[1]: Mounting Huge Pages File System...
         Mounting Huge Pages File System...
[    6.405555] systemd[1]: Created slice system-serial\x2dgetty.slice.
[[0;32m  OK  [0m] Created slice system-serial\x2dgetty.slice.
[    6.420956] systemd[1]: Mounting Debug File System...
         Mounting Debug File System...
[    6.425644] systemd[1]: Starting Set console keymap...
         Starting Set console keymap...
[    6.428835] systemd[1]: Started Trigger resolvconf update for networkd DNS.
[[0;32m  OK  [0m] Started Trigger resolvconf update for networkd DNS.
[    6.432432] systemd[1]: Listening on Syslog Socket.
[[0;32m  OK  [0m] Listening on Syslog Socket.
[    6.435673] systemd[1]: Starting Journal Service...
         Starting Journal Service...
[    6.439504] systemd[1]: Mounted Debug File System.
[[0;32m  OK  [0m] Mounted Debug File System.
[    6.442275] systemd[1]: Mounted POSIX Message Queue File System.
[[0;32m  OK  [0m] Mounted POSIX Message Queue File System.
[    6.445396] systemd[1]: Mounted Huge Pages File System.
[[0;32m  OK  [0m] Mounted Huge Pages File System.
[    6.448480] systemd[1]: Started Remount Root and Kernel File Systems.
[[0;32m  OK  [0m] Started Remount Root and Kernel File Systems.
[    6.468002] Loading iSCSI transport class v2.0-870.
[    6.471854] systemd[1]: Started Create list of required static device nodes for the current kernel.
[[0;32m  OK  [0m] Started Create list of required sta...ce nodes for the current kernel.
[    6.497598] systemd[1]: Started LVM2 metadata daemon.
[[0;32m  OK  [0m] Started LVM2 metadata daemon.
[    6.510736] systemd[1]: Starting Create Static Device Nodes in /dev...
         Starting Create Static Device Nodes in /dev...
[    6.549376] systemd[1]: Starting udev Coldplug all Devices...
         Starting udev Coldplug all Devices...
[    6.562736] systemd[1]: Starting Load/Save Random Seed...
         Starting Load/Save Random Seed...
[    6.575737] systemd[1]: Started Uncomplicated firewall.
[[0;32m  OK  [0m] Started Uncomplicated firewall.
[    6.629037] systemd[1]: Started Nameserver information manager.
[[0;32m  OK  [0m] Started Nameserver information manager.
[    6.637419] systemd[1]: Started Load/Save Random Seed.
[[0;32m  OK  [0m] Started Load/Save Random Seed.
[    6.695313] iscsi: registered transport (tcp)
[    6.708697] systemd[1]: Started Set console keymap.
[[0;32m  OK  [0m] Started Set console keymap.
[    6.712424] systemd[1]: Started udev Coldplug all Devices.
[[0;32m  OK  [0m] Started udev Coldplug all Devices.
[    6.741331] systemd[1]: Started Journal Service.
[[0;32m  OK  [0m] Started Journal Service.
         Starting Flush Journal to Persistent Storage...
[[0;32m  OK  [0m] Started Monitoring of LVM2 mirrors,...ng dmeventd or progress polling.
[    6.875595] systemd-journald[396]: Received request to flush runtime journal from PID 1
[[0;32m  OK  [0m] Started Flush Journal to Persistent Storage.
[    6.919053] iscsi: registered transport (iser)
[[0;32m  OK  [0m] Started Load Kernel Modules.
         Mounting FUSE Control File System...
         Starting Apply Kernel Variables...
[[0;32m  OK  [0m] Mounted FUSE Control File System.
[[0;32m  OK  [0m] Started Apply Kernel Variables.
[[0;32m  OK  [0m] Started Create Static Device Nodes in /dev.
[[0;32m  OK  [0m] Reached target Local File Systems (Pre).
[[0;32m  OK  [0m] Reached target Local File Systems.
         Starting Set console font and keymap...
         Starting Create Volatile Files and Directories...
         Starting Commit a transient machine-id on disk...
         Starting Tell Plymouth To Write Out Runtime Data...
         Starting Initial cloud-init job (pre-networking)...
         Starting LSB: AppArmor initialization...
         Starting udev Kernel Device Manager...
[[0;32m  OK  [0m] Started Commit a transient machine-id on disk.
[[0;32m  OK  [0m] Started Create Volatile Files and Directories.
         Starting Update UTMP about System Boot/Shutdown...
[[0;32m  OK  [0m] Started Tell Plymouth To Write Out Runtime Data.
[[0;32m  OK  [0m] Started Update UTMP about System Boot/Shutdown.
[[0;32m  OK  [0m] Started udev Kernel Device Manager.
[[0;32m  OK  [0m] Started Dispatch Password Requests to Console Directory Watch.
[[0;32m  OK  [0m] Found device /dev/ttyS0.
[[0;32m  OK  [0m] Started Set console font and keymap.
[[0;32m  OK  [0m] Created slice system-getty.slice.
[[0;32m  OK  [0m] Listening on Load/Save RF Kill Switch Status /dev/rfkill Watch.
[[0;32m  OK  [0m] Started LSB: AppArmor initialization.
[   10.950395] cloud-init[470]: Cloud-init v. 18.5-45-g3554ffe8-0ubuntu1~16.04.1 running 'init-local' at Thu, 02 May 2019 10:31:08 +0000. Up 10.31 seconds.
[[0;32m  OK  [0m] Started Initial cloud-init job (pre-networking).
[[0;32m  OK  [0m] Reached target Network (Pre).
         Starting Raise network interfaces...
[[0;32m  OK  [0m] Started Raise network interfaces.
         Starting Initial cloud-init job (metadata service crawler)...
[[0;32m  OK  [0m] Reached target Network.
[   13.875793] cloud-init[935]: Cloud-init v. 18.5-45-g3554ffe8-0ubuntu1~16.04.1 running 'init' at Thu, 02 May 2019 10:31:09 +0000. Up 12.00 seconds.
[   13.889089] cloud-init[935]: ci-info: ++++++++++++++++++++++++++++++++++++++Net device info++++++++++++++++++++++++++++++++++++++
[   13.891561] cloud-init[935]: ci-info: +--------+------+----------------------------+---------------+--------+-------------------+
[   13.893938] cloud-init[935]: ci-info: | Device |  Up  |          Address           |      Mask     | Scope  |     Hw-Address    |
[   13.896207] cloud-init[935]: ci-info: +--------+------+----------------------------+---------------+--------+-------------------+
[   13.898392] cloud-init[935]: ci-info: | enp0s3 | True |         10.0.2.15          | 255.255.255.0 | global | 02:6d:cd:79:6e:19 |
[   13.900533] cloud-init[935]: ci-info: | enp0s3 | True | fe80::6d:cdff:fe79:6e19/64 |       .       |  link  | 02:6d:cd:79:6e:19 |
[   13.902790] cloud-init[935]: ci-info: |   lo   | True |         127.0.0.1          |   255.0.0.0   |  host  |         .         |
[   13.905135] cloud-init[935]: ci-info: |   lo   | True |          ::1/128           |       .       |  host  |         .         |
[   13.907213] cloud-init[935]: ci-info: +--------+------+----------------------------+---------------+--------+-------------------+
[   13.909305] cloud-init[935]: ci-info: +++++++++++++++++++++++++++Route IPv4 info++++++++++++++++++++++++++++
[   13.911153] cloud-init[935]: ci-info: +-------+-------------+----------+---------------+-----------+-------+
[   13.913112] cloud-init[935]: ci-info: | Route | Destination | Gateway  |    Genmask    | Interface | Flags |
[   13.914891] cloud-init[935]: ci-info: +-------+-------------+----------+---------------+-----------+-------+
[   13.916310] cloud-init[935]: ci-info: |   0   |   0.0.0.0   | 10.0.2.2 |    0.0.0.0    |   enp0s3  |   UG  |
[   13.918297] cloud-init[935]: ci-info: |   1   |   10.0.2.0  | 0.0.0.0  | 255.255.255.0 |   enp0s3  |   U   |
[   13.919882] cloud-init[935]: ci-info: +-------+-------------+----------+---------------+-----------+-------+
[   13.921128] cloud-init[935]: ci-info: +++++++++++++++++++Route IPv6 info+++++++++++++++++++
[   13.922407] cloud-init[935]: ci-info: +-------+-------------+---------+-----------+-------+
[[0;32m  OK  [0m] Started Initial cloud-init job (metadata service crawler).
[[0;32m  OK  [0m[   13.924239] cloud-init[935]: ci-info: | Route | Destination | Gateway | Interface | Flags |
[   13.924304] cloud-init[935]: ci-info: +-------+-------------+---------+-----------+-------+
[   13.924504] cloud-init[935]: ci-info: |   0   |  fe80::/64  |    ::   |   enp0s3  |   U   |
[   13.924806] cloud-init[935]: ci-info: |   3   |   ff00::/8  |    ::   |   enp0s3  |   U   |
[   13.925077] cloud-init[935]: ci-info: +-------+-------------+---------+-----------+-------+
] Reached target Network is Online.
[   13.925120] cloud-init[935]: Generating public/private rsa key pair.
[   13.930705] cloud-init[935]: Your identification has been saved in /etc/ssh/ssh_host_rsa_key.
[   13.940214]          Starting iSCSI initiator daemon (iscsid)...
cloud-init[[935]: [0;32m  OK  [0mYour public key has been saved in /etc/ssh/ssh_host_rsa_key.pub.] 
Reached target Cloud-config availability.
[   13.942212] [[0;32m  OK  [0m] Reached target System Initialization.
[[0;32m  OK  [0m] Listening on D-Bus System Message Bus Socket.
cloud-init[935]: The key fingerprint is:
[   13.948961] cloud-init[935]: SHA256:W3srMABEND9LmzgDv7o9UlKEPd8F1zPSAD7XVQBtgPg root@ubuntu-xenial
[   13.950019] cloud-init[935]: The key's randomart image is:
[   13.951004] cloud-init[935]: +---[RSA 2048]----+
[   13.951959] cloud-init[935]: |   *=   o+o=o+oo.|
[   13.952960] cloud-init[935]: |  . =o ...+.=.o  |
[   13.953958] cloud-init[935]: |  .. ++.oo...+   |
[   13.954884] cloud-init[935]: |   o.oo=.oE      |
[   13.960195] cloud-init[935]: |   .= +.S .      |
[   13.968977]          Starting LXD - unix socket.
[[0;32m  OK  [0m] Listening on UUID daemon activation socket.
         Starting Socket activation for snappy daemon.
cloud-init[935]: |  . .+  oo .     |
[   13.971055] [[0;32m  OK  [0m] Listening on ACPID Listen Socket.
[[0;32m  OK  [0m] Started Daily apt download activities.
[[0;32m  OK  [0m] Started Daily apt upgrade and clean activities.
cloud-init[935]: |   o.   .o. .    |
[   13.973991] cloud-init[935]: |  .o.     .. .   |
[   13.975194] cloud-init[935]: |  oo..     ..    |
[   13.976321] cloud-init[935]: +----[SHA256]-----+
[   13.977475] cloud-init[935]: Generating public/private dsa key pair.
[   13.978823] cloud-init[935]: Your identification has been saved in /etc/ssh/ssh_host_dsa_key.
[   13.980638] cloud-init[935]: Your public key has been saved in /etc/ssh/ssh_host_dsa_key.pub.
[   13.982246] cloud-init[935]: The key fingerprint is:
[   13.983405] cloud-init[935]: SHA256:qaE0W18VovYtNvjVX/3WS3lUVY8f3kK4TcPDWIeG9YY root@ubuntu-xenial
[   13.985418] cloud-init[935]: The key's randomart image is:
[[0;32m  OK  [0m] Started ACPI Events Check.
[   13.987056] [[0;32m  OK  [0m] Reached target Paths.
[[0;32m  OK  [0m] Started Daily Cleanup of Temporary Directories.
[[0;32m  OK  [0m] Reached target Timers.
[[0;32m  OK  [0m] Listening on LXD - unix socket.
[[0;32m  OK  [0m] Listening on Socket activation for snappy daemon.
cloud-init[935]: +---[DSA 1024]----+
[   13.991817] cloud-init[935]: |          . .oo.=|
[   14.000389] [[0;32m  OK  [0m] Reached target Sockets.
cloud-init[[935]: [0;32m  OK  [0m|         . ..Bo=o|] 
Reached target Basic System.
[   14.001697] cloud-init[935]: |        o   +.E.=|
[   14.002751] cloud-init[935]: |       . + o *.==|
[   14.003689] cloud-init[935]: |    o o S * + +.*|
[   14.013225]          Starting Virtualbox guest utils...
cloud-init[935]: |   . = + + +   +=|
[   14.020879]          Starting LSB: Record successful boot for GRUB...
cloud-init[935]: |    o . . .    o*|
[   14.022379] cloud-init[935]: |              ..o|
[   14.028724]          Starting Pollinate to seed the pseudo random number generator...
cloud-init[935]: |               . |
[   14.030417] [[0;32m  OK  [0m] Started FUSE filesystem for LXC.
cloud-init[935]: +----[SHA256]-----+
[   14.031562] cloud-init[935]: Generating public/private ecdsa key pair.
[   14.033159] [[0;32m  OK  [0m] Started ACPI event daemon.
cloud-init[935]: Your identification has been saved in /etc/ssh/ssh_host_ecdsa_key.
[[0;32m  OK  [0m] Started D-Bus System Message Bus.
[   14.036517] cloud-init[935]: Your public key has been saved in /etc/ssh/ssh_host_ecdsa_key.pub.
[   14.039588] cloud-init[935]: The key fingerprint is:
[   14.040287] cloud-init[935]: SHA256:tCZjVM/lD0XtkxMrSfSXcxuIq7fFsc9/eTd3lai7X9o root@ubuntu-xenial
[   14.048260] cloud-init[935]: The key's randomart image is:
[   14.057080] cloud-init[935]: +---[ECDSA 256]---+
[   14.064870] cloud-init[935]: |        .   ooo. |
[   14.066102] cloud-init[935]: |       . o o.oo.o|
[   14.067719] cloud-init[935]: |      . . o.+..**|
[   14.068851] cloud-init[935]: |     . . .  .= =B|
[   14.069817] cloud-init[935]: |      + S  . .+.+|
[   14.070876] cloud-init[935]: |     . +  . ..o..|
[   14.071711] cloud-init[935]: |         . ..+ .o|
[   14.080894] cloud-init[935]: |          ..o *o*|
[   14.081552] cloud-init[935]: |           ++o EX|
[   14.082274] cloud-init[935]: +----[SHA256]-----+
[   14.088751] cloud-init[935]: Generating public/private ed25519 key pair.
[   14.089651] cloud-init[935]: Your identification has been saved in /etc/ssh/ssh_host_ed25519_key.
[   14.090777] cloud-init[935]: Your public key has been saved in /etc/ssh/ssh_host_ed25519_key.pub.
[   14.096474] cloud-init[935]: The key fingerprint is:
[   14.104252] cloud-init[935]: SHA256:NKZj6TYTKDZCem5UaWvWc+Bv573MZ0xrbnC6LO/iZ/U root@ubuntu-xenial
[   14.105309] cloud-init[935]: The key's randomart image is:
[   14.106321] cloud-init[935]: +--[ED25519 256]--+
[   14.112905] cloud-init[935]: |                 |
[   14.120856] cloud-init[935]: |     .           |
[   14.121594] cloud-init[935]: | .  + . +        |
[   14.129248] cloud-init[935]: |o  o = * .       |
[   14.140863] cloud-init[935]: |o * = X S        |
[   14.142481] cloud-init[935]: | * = o *    . +  |
[   14.143739] cloud-init[935]: |  o   = o .  B o |
[   14.144970] cloud-init[935]: | .   . + oo=+ B E|
[   14.146201] cloud-init[935]: |         .oBXO.  |
[   14.147292] cloud-init[935]: +----[SHA256]-----+
         Starting System Logging Service...
         Starting LXD - container startup/shutdown...
[[0;32m  OK  [0m] Started Deferred execution scheduler.
         Starting Snappy daemon...
         Starting Login Service...
         Starting /etc/rc.local Compatibility...
         Starting Accounts Service...
[[0;32m  OK  [0m] Started Regular background program processing daemon.
         Starting LSB: MD monitoring daemon...
[[0;32m  OK  [0m] Started /etc/rc.local Compatibility.
[[0;32m  OK  [0m] Started LSB: Record successful boot for GRUB.
[[0;32m  OK  [0m] Started Login Service.
[[0;32m  OK  [0m] Started Unattended Upgrades Shutdown.
[[0;32m  OK  [0m] Started LSB: MD monitoring daemon.
[[0;32m  OK  [0m] Started iSCSI initiator daemon (iscsid).
         Starting Login to default iSCSI targets...
[[0;32m  OK  [0m] Started Virtualbox guest utils.
[[0;32m  OK  [0m] Started System Logging Service.
[[0;32m  OK  [0m] Started Login to default iSCSI targets.
[[0;32m  OK  [0m] Reached target Remote File Systems (Pre).
[[0;32m  OK  [0m] Reached target Remote File Systems.
         Starting LSB: automatic crash report generation...
         Starting LSB: daemon to balance interrupts for SMP systems...
         Starting LSB: Set the CPU Frequency Scaling governor to "ondemand"...
         Starting Permit User Sessions...
         Starting Authenticate and Authorize Users to Run Privileged Tasks...
[[0;32m  OK  [0m] Started LSB: Set the CPU Frequency Scaling governor to "ondemand".
[[0;32m  OK  [0m] Started Permit User Sessions.
         Starting Terminate Plymouth Boot Screen...
         Starting Hold until boot process finishes up...
[[0;32m  OK  [0m] Started Hold until boot process finishes up.
[[0;32m  OK  [0m] Started Terminate Plymouth Boot Screen.
         Starting Set console scheme...
[[0;32m  OK  [0m] Started Getty on tty1.
[[0;32m  OK  [0m] Started Serial Getty on ttyS0.
[[0;32m  OK  [0m] Reached target Login Prompts.
[[0;32m  OK  [0m] Started LSB: automatic crash report generation.
[[0;32m  OK  [0m] Started LSB: daemon to balance interrupts for SMP systems.
[[0;32m  OK  [0m] Started Set console scheme.
[[0;32m  OK  [0m] Started Authenticate and Authorize Users to Run Privileged Tasks.
[[0;32m  OK  [0m] Started Accounts Service.
[[0;32m  OK  [0m] Started Snappy daemon.
         Starting Wait until snapd is fully seeded...
[[0;32m  OK  [0m] Started Pollinate to seed the pseudo random number generator.
         Starting OpenBSD Secure Shell server...
[[0;32m  OK  [0m] Started LXD - container startup/shutdown.
[[0;32m  OK  [0m] Started OpenBSD Secure Shell server.
[[0;32m  OK  [0m] Created slice User Slice of vagrant.
         Starting User Manager for UID 1000...
[[0;32m  OK  [0m] Started Wait until snapd is fully seeded.
[[0;32m  OK  [0m] Started Session 1 of user vagrant.
[[0;32m  OK  [0m] Reached target Multi-User System.
[[0;32m  OK  [0m] Reached target Graphical Interface.
         Starting Update UTMP about System Runlevel Changes...
         Starting Apply the settings specified in cloud-config...
[[0;32m  OK  [0m] Started Update UTMP about System Runlevel Changes.
[[0;32m  OK  [0m] Started User Manager for UID 1000.
[   19.601315] cloud-init[1277]: Generating locales (this might take a while)...
[   20.882250] cloud-init[1277]:   en_US.UTF-8... done
[   20.885575] cloud-init[1277]: Generation complete.
[   21.857520] cloud-init[1277]: Cloud-init v. 18.5-45-g3554ffe8-0ubuntu1~16.04.1 running 'modules:config' at Thu, 02 May 2019 10:31:17 +0000. Up 19.36 seconds.


Ubuntu 16.04.6 LTS ubuntu-xenial ttyS0

ubuntu-xenial login: ci-info: no authorized ssh keys fingerprints found for user ubuntu.
<14>May  2 10:31:20 ec2: 
<14>May  2 10:31:20 ec2: #############################################################
<14>May  2 10:31:20 ec2: -----BEGIN SSH HOST KEY FINGERPRINTS-----
<14>May  2 10:31:20 ec2: 1024 SHA256:qaE0W18VovYtNvjVX/3WS3lUVY8f3kK4TcPDWIeG9YY root@ubuntu-xenial (DSA)
<14>May  2 10:31:20 ec2: 256 SHA256:tCZjVM/lD0XtkxMrSfSXcxuIq7fFsc9/eTd3lai7X9o root@ubuntu-xenial (ECDSA)
<14>May  2 10:31:20 ec2: 256 SHA256:NKZj6TYTKDZCem5UaWvWc+Bv573MZ0xrbnC6LO/iZ/U root@ubuntu-xenial (ED25519)
<14>May  2 10:31:20 ec2: 2048 SHA256:W3srMABEND9LmzgDv7o9UlKEPd8F1zPSAD7XVQBtgPg root@ubuntu-xenial (RSA)
<14>May  2 10:31:20 ec2: -----END SSH HOST KEY FINGERPRINTS-----
<14>May  2 10:31:20 ec2: #############################################################
-----BEGIN SSH HOST KEY KEYS-----
ecdsa-sha2-nistp256 AAAAE2VjZHNhLXNoYTItbmlzdHAyNTYAAAAIbmlzdHAyNTYAAABBBAFtfj5Y35i6EKrLu0KbJjRDnA/sktqx+nLpVZmwxG5HHrRbTH5Xt754P/i9RnVoNcWWFZ5LwV13lTI7EYnf9BU= root@ubuntu-xenial
ssh-ed25519 AAAAC3NzaC1lZDI1NTE5AAAAIIyw8KgoyaOWB571b6AzcTuHYKQCpmiiL7Nnz0y98fGh root@ubuntu-xenial
ssh-rsa AAAAB3NzaC1yc2EAAAADAQABAAABAQDEGvvozLAUznLo2vw+NkIpkj81yqeNWpBZ5IDReZV16YdF6E47dFnOVzmqXSgbruZ+3eK7yJD/2V/ytrHrJU8Xxz1o/Vf5OZhpoDHAH8iTNpLb2H0ADtFDJYzFx13naCok5bJ1f4H6WZ0+CN/GBmfAg4zLkcDdwsoH/qKQUnjxawkCks1qZ3LjYuYqxHceMce+6e6wFeoUr76DEaSiWNA2OFk7ecgUb1A+ku5EiVWG2UNFPkaNFseO5mJB+54ZArqzdn2zbquSQzOovydLQVTtEn7xl5QMT6Lf/izGt6X0wF6a6E2aXEtRhh7JIbWYRW+xO48PB27ne3cM4h7Ji5rp root@ubuntu-xenial
-----END SSH HOST KEY KEYS-----
[   22.485526] cloud-init[1491]: Cloud-init v. 18.5-45-g3554ffe8-0ubuntu1~16.04.1 running 'modules:final' at Thu, 02 May 2019 10:31:20 +0000. Up 22.29 seconds.
[   22.485732] cloud-init[1491]: ci-info: no authorized ssh keys fingerprints found for user ubuntu.
[   22.486000] cloud-init[1491]: Cloud-init v. 18.5-45-g3554ffe8-0ubuntu1~16.04.1 finished at Thu, 02 May 2019 10:31:20 +0000. Datasource DataSourceNoCloud [seed=/dev/sdb][dsmode=net].  Up 22.47 seconds
